app/build/intermediates/manifest_merge_blame_file/debug/processDebugMainManifest/manifest-merger-blame-debug-report.txt
1<?xml version="1.0" encoding="utf-8"?>
2<manifest xmlns:android="http://schemas.android.com/apk/res/android"
3    package="dev.azagra.gps"
4    android:versionCode="1"
5    android:versionName="1.0" >
6
7    <uses-sdk
8        android:minSdkVersion="34"
9        android:targetSdkVersion="34" />
10
11    <uses-permission android:name="android.permission.ACCESS_FINE_LOCATION" />
11-->src/main/AndroidManifest.xml:3:5-79
11-->src/main/AndroidManifest.xml:3:22-76
12    <uses-permission android:name="android.permission.FOREGROUND_SERVICE" />
12-->src/main/AndroidManifest.xml:4:5-77
12-->src/main/AndroidManifest.xml:4:22-74
13
14    <!-- Include required permissions for Google Maps API to run. -->
15    <uses-permission android:name="android.permission.ACCESS_NETWORK_STATE" />
15-->[com.google.android.gms:play-services-maps:18.1.0] AndroidManifest.xml:23:5-79
15-->[com.google.android.gms:play-services-maps:18.1.0] AndroidManifest.xml:23:22-76
16    <uses-permission android:name="android.permission.INTERNET" />
16-->[com.google.android.gms:play-services-maps:18.1.0] AndroidManifest.xml:24:5-67
16-->[com.google.android.gms:play-services-maps:18.1.0] AndroidManifest.xml:24:22-64
17
18    <uses-feature
18-->[com.google.android.gms:play-services-maps:18.1.0] AndroidManifest.xml:26:5-28:35
19        android:glEsVersion="0x00020000"
19-->[com.google.android.gms:play-services-maps:18.1.0] AndroidManifest.xml:27:9-41
20        android:required="true" />
20-->[com.google.android.gms:play-services-maps:18.1.0] AndroidManifest.xml:28:9-32
21
22    <queries>
22-->[com.google.android.gms:play-services-maps:18.1.0] AndroidManifest.xml:30:5-34:15
23
24        <!-- Needs to be explicitly declared on Android R+ -->
25        <package android:name="com.google.android.apps.maps" />
25-->[com.google.android.gms:play-services-maps:18.1.0] AndroidManifest.xml:33:9-64
25-->[com.google.android.gms:play-services-maps:18.1.0] AndroidManifest.xml:33:18-61
26    </queries>
27
28    <permission
28-->[androidx.core:core:1.13.0] AndroidManifest.xml:22:5-24:47
29        android:name="dev.azagra.gps.DYNAMIC_RECEIVER_NOT_EXPORTED_PERMISSION"
29-->[androidx.core:core:1.13.0] AndroidManifest.xml:23:9-81
30        android:protectionLevel="signature" />
30-->[androidx.core:core:1.13.0] AndroidManifest.xml:24:9-44
31
32    <uses-permission android:name="dev.azagra.gps.DYNAMIC_RECEIVER_NOT_EXPORTED_PERMISSION" /> <!-- Si necesitas ubicación en background -->
32-->[androidx.core:core:1.13.0] AndroidManifest.xml:26:5-97
32-->[androidx.core:core:1.13.0] AndroidManifest.xml:26:22-94
33    <!-- <uses-permission android:name="android.permission.ACCESS_BACKGROUND_LOCATION" /> -->
34    <application
34-->src/main/AndroidManifest.xml:8:5-35:19
35        android:allowBackup="true"
35-->src/main/AndroidManifest.xml:9:9-35
36        android:appComponentFactory="androidx.core.app.CoreComponentFactory"
36-->[androidx.core:core:1.13.0] AndroidManifest.xml:28:18-86
37        android:debuggable="true"
38        android:extractNativeLibs="false"
39        android:icon="@drawable/ic_satellite"
39-->src/main/AndroidManifest.xml:10:9-46
40        android:label="GPS"
40-->src/main/AndroidManifest.xml:12:9-28
41        android:roundIcon="@drawable/ic_satellite"
41-->src/main/AndroidManifest.xml:11:9-51
42        android:supportsRtl="true"
42-->src/main/AndroidManifest.xml:13:9-35
43        android:testOnly="true"
44        android:theme="@style/Theme.GPS" >
44-->src/main/AndroidManifest.xml:14:9-41
45        <meta-data
45-->src/main/AndroidManifest.xml:16:9-18:47
46            android:name="com.google.android.geo.API_KEY"
46-->src/main/AndroidManifest.xml:17:13-58
47            android:value="TU_API_KEY_AQUI" />
47-->src/main/AndroidManifest.xml:18:13-44
48
49        <activity
49-->src/main/AndroidManifest.xml:20:9-21:40
50            android:name="dev.azagra.gps.MapActivity"
50-->src/main/AndroidManifest.xml:20:19-46
51            android:exported="false" />
51-->src/main/AndroidManifest.xml:21:13-37
52        <activity
52-->src/main/AndroidManifest.xml:23:9-29:20
53            android:name="dev.azagra.gps.MainActivity"
53-->src/main/AndroidManifest.xml:23:19-47
54            android:exported="true" >
54-->src/main/AndroidManifest.xml:24:13-36
55            <intent-filter>
55-->src/main/AndroidManifest.xml:25:13-28:29
56                <action android:name="android.intent.action.MAIN" />
56-->src/main/AndroidManifest.xml:26:17-69
56-->src/main/AndroidManifest.xml:26:25-66
57
58                <category android:name="android.intent.category.LAUNCHER" />
58-->src/main/AndroidManifest.xml:27:17-77
58-->src/main/AndroidManifest.xml:27:27-74
59            </intent-filter>
60        </activity>
61
62        <service
62-->src/main/AndroidManifest.xml:31:9-34:40
63            android:name="dev.azagra.gps.TrackingService"
63-->src/main/AndroidManifest.xml:32:13-44
64            android:exported="false"
64-->src/main/AndroidManifest.xml:34:13-37
65            android:foregroundServiceType="location" />
65-->src/main/AndroidManifest.xml:33:13-53
66        <!-- Needs to be explicitly declared on P+ -->
67        <uses-library
67-->[com.google.android.gms:play-services-maps:18.1.0] AndroidManifest.xml:39:9-41:40
68            android:name="org.apache.http.legacy"
68-->[com.google.android.gms:play-services-maps:18.1.0] AndroidManifest.xml:40:13-50
69            android:required="false" />
69-->[com.google.android.gms:play-services-maps:18.1.0] AndroidManifest.xml:41:13-37
70
71        <activity
71-->[com.google.android.gms:play-services-base:18.1.0] AndroidManifest.xml:20:9-22:45
72            android:name="com.google.android.gms.common.api.GoogleApiActivity"
72-->[com.google.android.gms:play-services-base:18.1.0] AndroidManifest.xml:20:19-85
73            android:exported="false"
73-->[com.google.android.gms:play-services-base:18.1.0] AndroidManifest.xml:22:19-43
74            android:theme="@android:style/Theme.Translucent.NoTitleBar" />
74-->[com.google.android.gms:play-services-base:18.1.0] AndroidManifest.xml:21:19-78
75
76        <meta-data
76-->[com.google.android.gms:play-services-basement:18.1.0] AndroidManifest.xml:21:9-23:69
77            android:name="com.google.android.gms.version"
77-->[com.google.android.gms:play-services-basement:18.1.0] AndroidManifest.xml:22:13-58
78            android:value="@integer/google_play_services_version" />
78-->[com.google.android.gms:play-services-basement:18.1.0] AndroidManifest.xml:23:13-66
79
80        <provider
80-->[androidx.emoji2:emoji2:1.3.0] AndroidManifest.xml:24:9-32:20
81            android:name="androidx.startup.InitializationProvider"
81-->[androidx.emoji2:emoji2:1.3.0] AndroidManifest.xml:25:13-67
82            android:authorities="dev.azagra.gps.androidx-startup"
82-->[androidx.emoji2:emoji2:1.3.0] AndroidManifest.xml:26:13-68
83            android:exported="false" >
83-->[androidx.emoji2:emoji2:1.3.0] AndroidManifest.xml:27:13-37
84            <meta-data
84-->[androidx.emoji2:emoji2:1.3.0] AndroidManifest.xml:29:13-31:52
85                android:name="androidx.emoji2.text.EmojiCompatInitializer"
85-->[androidx.emoji2:emoji2:1.3.0] AndroidManifest.xml:30:17-75
86                android:value="androidx.startup" />
86-->[androidx.emoji2:emoji2:1.3.0] AndroidManifest.xml:31:17-49
87            <meta-data
87-->[androidx.lifecycle:lifecycle-process:2.6.2] AndroidManifest.xml:29:13-31:52
88                android:name="androidx.lifecycle.ProcessLifecycleInitializer"
88-->[androidx.lifecycle:lifecycle-process:2.6.2] AndroidManifest.xml:30:17-78
89                android:value="androidx.startup" />
89-->[androidx.lifecycle:lifecycle-process:2.6.2] AndroidManifest.xml:31:17-49
90            <meta-data
90-->[androidx.profileinstaller:profileinstaller:1.3.1] AndroidManifest.xml:29:13-31:52
91                android:name="androidx.profileinstaller.ProfileInstallerInitializer"
91-->[androidx.profileinstaller:profileinstaller:1.3.1] AndroidManifest.xml:30:17-85
92                android:value="androidx.startup" />
92-->[androidx.profileinstaller:profileinstaller:1.3.1] AndroidManifest.xml:31:17-49
93        </provider>
94
95        <receiver
95-->[androidx.profileinstaller:profileinstaller:1.3.1] AndroidManifest.xml:34:9-52:20
96            android:name="androidx.profileinstaller.ProfileInstallReceiver"
96-->[androidx.profileinstaller:profileinstaller:1.3.1] AndroidManifest.xml:35:13-76
97            android:directBootAware="false"
97-->[androidx.profileinstaller:profileinstaller:1.3.1] AndroidManifest.xml:36:13-44
98            android:enabled="true"
98-->[androidx.profileinstaller:profileinstaller:1.3.1] AndroidManifest.xml:37:13-35
99            android:exported="true"
99-->[androidx.profileinstaller:profileinstaller:1.3.1] AndroidManifest.xml:38:13-36
100            android:permission="android.permission.DUMP" >
100-->[androidx.profileinstaller:profileinstaller:1.3.1] AndroidManifest.xml:39:13-57
101            <intent-filter>
101-->[androidx.profileinstaller:profileinstaller:1.3.1] AndroidManifest.xml:40:13-42:29
102                <action android:name="androidx.profileinstaller.action.INSTALL_PROFILE" />
102-->[androidx.profileinstaller:profileinstaller:1.3.1] AndroidManifest.xml:41:17-91
102-->[androidx.profileinstaller:profileinstaller:1.3.1] AndroidManifest.xml:41:25-88
103            </intent-filter>
104            <intent-filter>
104-->[androidx.profileinstaller:profileinstaller:1.3.1] AndroidManifest.xml:43:13-45:29
105                <action android:name="androidx.profileinstaller.action.SKIP_FILE" />
105-->[androidx.profileinstaller:profileinstaller:1.3.1] AndroidManifest.xml:44:17-85
105-->[androidx.profileinstaller:profileinstaller:1.3.1] AndroidManifest.xml:44:25-82
106            </intent-filter>
107            <intent-filter>
107-->[androidx.profileinstaller:profileinstaller:1.3.1] AndroidManifest.xml:46:13-48:29
108                <action android:name="androidx.profileinstaller.action.SAVE_PROFILE" />
108-->[androidx.profileinstaller:profileinstaller:1.3.1] AndroidManifest.xml:47:17-88
108-->[androidx.profileinstaller:profileinstaller:1.3.1] AndroidManifest.xml:47:25-85
109            </intent-filter>
110            <intent-filter>
110-->[androidx.profileinstaller:profileinstaller:1.3.1] AndroidManifest.xml:49:13-51:29
111                <action android:name="androidx.profileinstaller.action.BENCHMARK_OPERATION" />
111-->[androidx.profileinstaller:profileinstaller:1.3.1] AndroidManifest.xml:50:17-95
111-->[androidx.profileinstaller:profileinstaller:1.3.1] AndroidManifest.xml:50:25-92
112            </intent-filter>
113        </receiver>
114    </application>
115
116</manifest>